array (
)array (
)array (
  0 => '/Users/galzsolt/MySites/oh-my-fish-aliases/plugins-available/autocomplete.php',
)
array (
  0 => '/Users/galzsolt/MySites/oh-my-fish-aliases/plugins-available/autocomplete.php',
)
array (
  0 => '/Users/galzsolt/MySites/oh-my-fish-aliases/plugins-available/autocomplete.php',
)
array (
  0 => '/Users/galzsolt/MySites/oh-my-fish-aliases/plugins-available/autocomplete.php',
)
array (
  0 => '/Users/galzsolt/MySites/oh-my-fish-aliases/plugins-available/autocomplete.php',
)
array (
  0 => '/Users/galzsolt/MySites/oh-my-fish-aliases/plugins-available/autocomplete.php',
)
array (
  0 => '/Users/galzsolt/MySites/oh-my-fish-aliases/plugins-available/autocomplete.php',
)
array (
  0 => '/Users/galzsolt/MySites/oh-my-fish-aliases/plugins-available/autocomplete.php',
)
array (
  0 => '/Users/galzsolt/MySites/oh-my-fish-aliases/plugins-available/autocomplete.php',
)
array (
  0 => '/Users/galzsolt/MySites/oh-my-fish-aliases/plugins-available/autocomplete.php',
  1 => 'git',
  2 => 'branch',
)
array (
  0 => '/Users/galzsolt/MySites/oh-my-fish-aliases/plugins-available/autocomplete.php',
)
array (
  0 => '/Users/galzsolt/MySites/oh-my-fish-aliases/plugins-available/autocomplete.php',
  1 => 'git',
  2 => 'branch',
)
array (
  0 => '/Users/galzsolt/MySites/oh-my-fish-aliases/plugins-available/autocomplete.php',
)
array (
  0 => '/Users/galzsolt/MySites/oh-my-fish-aliases/plugins-available/autocomplete.php',
  1 => 'git',
  2 => 'branch',
)
array (
  0 => '/Users/galzsolt/MySites/oh-my-fish-aliases/plugins-available/autocomplete.php',
)
array (
  0 => '/Users/galzsolt/MySites/oh-my-fish-aliases/plugins-available/autocomplete.php',
)
array (
  0 => '/Users/galzsolt/MySites/oh-my-fish-aliases/plugins-available/autocomplete.php',
)
array (
  0 => '/Users/galzsolt/MySites/oh-my-fish-aliases/plugins-available/autocomplete.php',
  1 => 'a',
)
array (
  0 => '/Users/galzsolt/MySites/oh-my-fish-aliases/plugins-available/autocomplete.php',
)
array (
  0 => '/Users/galzsolt/MySites/oh-my-fish-aliases/plugins-available/autocomplete.php',
  1 => 'git',
  2 => 'branch',
  3 => 'a',
)
array (
  0 => '/Users/galzsolt/MySites/oh-my-fish-aliases/plugins-available/autocomplete.php',
)
2020-02-04 08:43:08 array (
  0 => '/Users/galzsolt/MySites/oh-my-fish-aliases/plugins-available/autocomplete.php',
  1 => 'git',
  2 => 'bran',
)
2020-02-04 08:43:08 array (
  0 => '/Users/galzsolt/MySites/oh-my-fish-aliases/plugins-available/autocomplete.php',
)
2020-02-04 08:44:49 array (
  0 => '/Users/galzsolt/MySites/oh-my-fish-aliases/plugins-available/autocomplete.php',
  1 => 'git',
  2 => 'bra',
)
2020-02-04 08:44:50 array (
  0 => '/Users/galzsolt/MySites/oh-my-fish-aliases/plugins-available/autocomplete.php',
  1 => 'git',
  2 => 'branch',
  3 => 'a',
)
2020-02-04 08:46:27 array (
  0 => '/Users/galzsolt/MySites/oh-my-fish-aliases/plugins-available/autocomplete.php',
  1 => 'git',
  2 => 'branch',
)
2020-02-04 08:46:32 array (
  0 => '/Users/galzsolt/MySites/oh-my-fish-aliases/plugins-available/autocomplete.php',
  1 => 'git',
  2 => 'branch',
  3 => 'as',
)
2020-02-04 array (
  0 => 'sh',
)
2020-02-04 array (
  0 => 'show',
)
2020-02-04 array (
  0 => 'HD',
)
2020-02-04 array (
)
2020-02-04 array (
)
2020-02-04 array (
)
2020-02-04 array (
)
2020-02-04 array (
)
2020-02-04 array (
  0 => 'shell',
)
2020-02-04 array (
  0 => 'shell',
)
2020-02-04 array (
  0 => 'shell',
)
2020-02-04 array (
  0 => 'shell',
  1 => 'sh',
)
2020-02-04 array (
  0 => 'shell',
  1 => 'show',
)
2020-02-04 array (
  0 => 'shell',
  1 => 'show:',
)
2020-02-04 array (
  0 => 'shell',
  1 => 'show:ali',
)
2020-02-04 array (
  0 => 'shell',
  1 => 'show:ali',
)
2020-02-04 array (
  0 => 'shell',
)
2020-02-04 array (
  0 => 'shell',
  1 => 'jira',
  2 => 'sho',
)
2020-02-04 array (
  0 => 'shell',
  1 => 'jira',
  2 => 'show',
)
2020-02-04 array (
  0 => 'shell',
  1 => 'jira',
  2 => 'show:',
)
2020-02-04 array (
  0 => 'shell',
  1 => 'jira',
  2 => 'sho',
)
2020-02-04 array (
  0 => 'shell',
  1 => 'jira',
  2 => 'show:',
)
2020-02-04 array (
  0 => 'shell',
  1 => 'jira',
  2 => 'show:is',
)
2020-02-04 array (
  0 => 'shell',
  1 => 'jira',
  2 => 'show:iss',
)
2020-02-04 array (
  0 => 'shell',
  1 => 'jira',
  2 => 'show',
)
2020-02-04 array (
  0 => 'shell',
  1 => 'jira',
  2 => 'show',
  3 => 'H',
)
2020-02-04 array (
  0 => 'shell',
  1 => 'jira',
  2 => 'show',
  3 => 'G',
)
2020-02-04 array (
  0 => 'shell',
  1 => 'jira',
  2 => 'day',
  3 => '-',
)
2020-02-04 array (
  0 => 'shell',
  1 => 'jira',
  2 => 'day',
  3 => '-i',
)
2020-02-04 array (
  0 => 'shell',
  1 => 'jira',
  2 => 'day',
  3 => '-',
)
2020-02-04 array (
  0 => 'shell',
  1 => 'jira',
  2 => 'day',
  3 => '--',
)
2020-02-04 array (
  0 => 'shell',
  1 => 'jira',
  2 => 'day',
  3 => '-',
)
2020-02-04 array (
  0 => 'shell',
  1 => 'jira',
  2 => 'day',
  3 => '-i',
)
2020-02-04 array (
  0 => 'shell',
  1 => 'jira',
  2 => 'day',
  3 => '-i',
)
2020-02-04 array (
  0 => 'shell',
  1 => 'jira',
  2 => 'day',
  3 => '-i',
  4 => '-',
)
2020-02-04 array (
  0 => 'shell',
  1 => 'jira',
  2 => 'day',
  3 => '-i',
)
2020-02-04 array (
  0 => 'shell',
  1 => 'jira',
  2 => 'day',
  3 => '--',
)
2020-02-04 array (
  0 => 'shell',
  1 => 'jira',
  2 => 'day',
  3 => '--instance',
)
2020-02-04 array (
  0 => 'shell',
  1 => 'jira',
  2 => 'show',
)
2020-02-04 array (
  0 => 'shell',
  1 => 'jira',
  2 => 'show:fields',
)
2020-02-04 array (
  0 => 'shell',
  1 => 'jira',
  2 => 'show',
)
2020-02-04 array (
  0 => 'shell',
  1 => 'jira',
  2 => 'show',
)
2020-02-04 array (
  0 => 'shell',
  1 => 'jira',
  2 => 'show',
)
2020-02-04 array (
  0 => 'shell',
  1 => 'jira',
  2 => 'show',
)
2020-02-04 array (
  0 => 'shell',
  1 => 'jira',
  2 => 'show',
)
2020-02-04 array (
  0 => 'shell',
  1 => 'jira',
  2 => 'sho',
)
2020-02-04 array (
  0 => 'shell',
  1 => 'jira',
)
2020-02-04 array (
  0 => 'shell',
  1 => 'jira',
)
2020-02-04 array (
  0 => 'shell',
  1 => 'jira',
)
2020-02-04 array (
  0 => 'shell',
  1 => 'jira',
  2 => 'sh',
)
2020-02-04 array (
  0 => 'shell',
  1 => 'jira',
  2 => 'sho',
)
2020-02-04 array (
  0 => 'shell',
  1 => 'jira',
  2 => 'show',
)
2020-02-04 array (
  0 => 'shell',
  1 => 'jira',
  2 => 'show',
  3 => 'G',
)
2020-02-04 array (
  0 => 'shell',
  1 => 'jira',
  2 => 'show',
  3 => 'GEN-123',
  4 => '-',
)
2020-02-04 array (
  0 => 'shell',
  1 => 'jira',
  2 => 'show',
  3 => 'GEN-123',
  4 => '--',
)
2020-02-04 array (
  0 => 'shell',
  1 => 'jira',
  2 => 'show',
  3 => 'H',
)
2020-02-04 array (
  0 => 'shell',
  1 => 'jira',
  2 => 'show',
  3 => 'H',
)
2020-02-04 array (
  0 => 'shell',
  1 => 'jira',
  2 => 'show',
  3 => '1.79.2',
)
2020-02-04 array (
  0 => 'shell',
  1 => 'jira',
  2 => 'show',
)
2020-02-04 array (
  0 => 'shell',
  1 => 'jira',
  2 => 'sho',
)
2020-02-04 array (
  0 => 'shell',
  1 => 'jira',
  2 => 'sh',
)
2020-02-04 array (
  0 => 'shell',
  1 => 'jira',
  2 => 'show',
)
2020-02-04 array (
  0 => 'shell',
  1 => 'jira',
  2 => 'show',
)
2020-02-04 array (
  0 => 'shell',
  1 => 'jira',
  2 => 'show',
  3 => '1.',
)
2020-02-04 array (
  0 => 'shell',
  1 => 'jira',
  2 => 'show',
  3 => '.',
)
2020-02-04 array (
  0 => 'shell',
  1 => 'jira',
  2 => 'show',
  3 => '+',
)
2020-02-04 array (
  0 => 'shell',
  1 => 'jira',
  2 => 'show',
  3 => 'NUTRI-',
)
2020-02-04 array (
  0 => 'shell',
  1 => 'jira',
  2 => 'show',
)
2020-02-04 array (
  0 => 'shell',
  1 => 'jira',
  2 => 'show',
  3 => '+',
)
2020-02-04 array (
  0 => 'shell',
  1 => 'jira',
  2 => 'show',
  3 => '.',
)
2020-02-04 array (
  0 => 'shell',
  1 => 'jira',
  2 => 'show',
  3 => 'N',
)
2020-02-04 array (
  0 => 'shell',
  1 => 'jira',
  2 => 'show',
  3 => 'NUTRI',
)
2020-02-07 11:10:53 array (
  0 => '/Users/galzsolt/MySites/oh-my-fish-aliases/plugins-available/autocomplete.php',
  1 => 'dele',
)
2020-02-07 11:46:45 array (
  0 => '/Users/galzsolt/MySites/oh-my-fish-aliases/plugins-available/autocomplete.php',
  1 => 'cherr',
)
2020-02-07 11:48:48 array (
  0 => '/Users/galzsolt/MySites/oh-my-fish-aliases/plugins-available/autocomplete.php',
  1 => 'dele',
)
2020-02-07 12:58:25 array (
  0 => 
  array (
    0 => 'day',
    1 => '-i',
  ),
)2020-02-07 12:58:25 array (
  0 => '-i',
  1 => 
  array (
    0 => 'uk',
    1 => 'uk',
    2 => 'uk',
    3 => 'uk',
    4 => 'uk',
    5 => 'uk',
    6 => 'uk',
    7 => 'uk',
    8 => 'uk',
    9 => 'uk',
    10 => 'uk',
    11 => 'uk',
    12 => 'uk',
    13 => 'uk',
  ),
)2020-02-07 12:58:50 array (
  0 => 
  array (
    0 => 'day',
    1 => '-',
  ),
)2020-02-07 12:58:50 array (
  0 => '-',
  1 => 
  array (
    0 => '-l',
    1 => '-s',
    2 => '-t',
    3 => '-u',
    4 => '-h',
    5 => '-q',
    6 => '-v',
    7 => '-vv',
    8 => '-vvv',
    9 => '-V',
    10 => '-',
    11 => '-',
    12 => '-n',
    13 => '-',
    14 => '-i',
    15 => '-N',
  ),
)2020-02-07 12:59:55 array (
  0 => 
  array (
    0 => 'day',
    1 => '-',
  ),
)2020-02-07 12:59:55 array (
  0 => '-',
  1 => 
  array (
    0 => '-l',
    1 => '-s',
    2 => '-t',
    3 => '-u',
    4 => '-h',
    5 => '-q',
    6 => '-v',
    7 => '-vv',
    8 => '-vvv',
    9 => '-V',
    10 => '-n',
    11 => '-i',
    12 => '-N',
  ),
)2020-02-07 13:00:04 array (
  0 => 
  array (
    0 => 'day',
    1 => '-i',
  ),
)2020-02-07 13:00:04 array (
  0 => '-i',
  1 => 
  array (
    0 => 'uk',
    1 => 'uk',
    2 => 'uk',
    3 => 'uk',
    4 => 'uk',
    5 => 'uk',
    6 => 'uk',
    7 => 'uk',
    8 => 'uk',
    9 => 'uk',
    10 => 'uk',
    11 => 'uk',
    12 => 'uk',
    13 => 'uk',
  ),
)2020-02-07 13:00:45 array (
  0 => 
  array (
    0 => 'day',
    1 => '-i',
  ),
)2020-02-07 13:01:13 array (
  0 => 
  array (
    0 => 'day',
    1 => '-i',
  ),
)2020-02-07 13:01:13 array (
  0 => 
  array (
    0 => 'day',
    1 => '-i',
    2 => 'uk',
  ),
)2020-02-07 13:01:20 array (
  0 => 
  array (
    0 => 'day',
    1 => '-i',
    2 => 'uk',
  ),
)2020-02-07 13:01:21 array (
  0 => 
  array (
    0 => 'day',
    1 => '-i',
    2 => 'uk',
    3 => 'uk',
  ),
)2020-02-07 13:01:21 array (
  0 => 
  array (
    0 => 'day',
    1 => '-i',
    2 => 'uk',
    3 => 'uk',
    4 => 'uk',
  ),
)2020-02-07 13:01:28 array (
  0 => 
  array (
    0 => 'day',
    1 => '-i',
  ),
)2020-02-07 13:03:39 array (
  0 => 
  array (
    0 => 'day',
    1 => '-',
  ),
)2020-02-07 13:03:39 array (
  0 => '-',
  1 => 
  array (
    0 => '-l',
    1 => '-s',
    2 => '-t',
    3 => '-u',
    4 => '-h',
    5 => '-q',
    6 => '-v',
    7 => '-vv',
    8 => '-vvv',
    9 => '-V',
    10 => '-n',
    11 => '-i',
    12 => '-N',
  ),
)2020-02-07 13:03:42 array (
  0 => 
  array (
    0 => 'day',
    1 => '-i',
  ),
)2020-02-07 13:16:15 array (
  0 => 
  array (
    0 => 'day',
    1 => '-i',
  ),
)2020-02-07 13:16:20 array (
  0 => 
  array (
    0 => 'day',
    1 => '-i',
  ),
)2020-02-07 13:16:57 array (
  0 => 
  array (
    0 => 'search:',
  ),
)2020-02-07 13:17:08 array (
  0 => 
  array (
    0 => 'sesar',
  ),
)2020-02-07 13:17:09 array (
  0 => 
  array (
    0 => 'sear',
  ),
)2020-02-07 13:17:10 array (
  0 => 
  array (
    0 => 'search',
  ),
)2020-02-07 13:17:11 array (
  0 => 
  array (
    0 => 'search:',
  ),
)2020-02-07 13:17:21 array (
  0 => 
  array (
    0 => 'sear',
  ),
)2020-02-07 13:17:23 array (
  0 => 
  array (
    0 => 'search:to',
  ),
)2020-02-07 13:17:24 array (
  0 => 
  array (
    0 => 'search:to-',
  ),
)2020-02-07 13:30:15 array (
  0 => '/Users/galzsolt/MySites/oh-my-fish-aliases/plugins-available/autocomplete.php',
  1 => 'dele',
)
2020-02-07 13:30:39 array (
  0 => '/Users/galzsolt/MySites/oh-my-fish-aliases/plugins-available/autocomplete.php',
  1 => 'del',
)
2020-02-07 13:46:30 array (
  0 => '/Users/galzsolt/MySites/oh-my-fish-aliases/plugins-available/autocomplete.php',
  1 => 'exc',
)
2020-02-07 13:46:31 array (
  0 => '/Users/galzsolt/MySites/oh-my-fish-aliases/plugins-available/autocomplete.php',
  1 => 'makef',
)
2020-02-07 13:46:33 array (
  0 => '/Users/galzsolt/MySites/oh-my-fish-aliases/plugins-available/autocomplete.php',
  1 => 'make',
)
2020-02-07 13:46:36 array (
  0 => '/Users/galzsolt/MySites/oh-my-fish-aliases/plugins-available/autocomplete.php',
  1 => 'Makefil',
)
2020-02-07 15:25:26 array (
  0 => 
  array (
    0 => 'show',
    1 => '--ch',
  ),
)2020-02-07 15:25:27 array (
  0 => '--ch',
  1 => 
  array (
    0 => '--minimal',
    1 => '--short',
    2 => '--full',
    3 => '--nano',
    4 => '--time',
    5 => '--updates',
    6 => '--changelogs',
    7 => '--release',
    8 => '--points',
    9 => '--estimates',
    10 => '--spent',
    11 => '--board',
    12 => '--help',
    13 => '--quiet',
    14 => '--verbose',
    15 => '--version',
    16 => '--ansi',
    17 => '--no-ansi',
    18 => '--no-interaction',
    19 => '--debug',
    20 => '--instance',
    21 => '--no-cache',
  ),
)2020-02-07 15:25:48 array (
  0 => 
  array (
    0 => 'log',
    1 => 'meet',
  ),
)2020-02-07 15:25:56 array (
  0 => 
  array (
    0 => 'show',
    1 => 'meeting',
    2 => '--sh',
  ),
)2020-02-07 15:25:57 array (
  0 => '--sh',
  1 => 
  array (
    0 => '--minimal',
    1 => '--short',
    2 => '--full',
    3 => '--nano',
    4 => '--time',
    5 => '--updates',
    6 => '--changelogs',
    7 => '--release',
    8 => '--points',
    9 => '--estimates',
    10 => '--spent',
    11 => '--board',
    12 => '--help',
    13 => '--quiet',
    14 => '--verbose',
    15 => '--version',
    16 => '--ansi',
    17 => '--no-ansi',
    18 => '--no-interaction',
    19 => '--debug',
    20 => '--instance',
    21 => '--no-cache',
  ),
)2020-02-07 15:26:32 array (
  0 => 
  array (
    0 => 'day',
    1 => 'yes',
  ),
)2020-02-07 15:26:42 array (
  0 => 
  array (
    0 => 'day',
    1 => 'yesterday',
    2 => '-i',
  ),
)2020-02-07 15:26:46 array (
  0 => 
  array (
    0 => 'day',
    1 => 'yesterday',
    2 => '-i',
  ),
)2020-02-07 15:27:07 array (
  0 => 
  array (
    0 => 'log',
    1 => 'APO-25',
    2 => '1h',
    3 => '-k',
    4 => '-i',
  ),
)2020-02-07 15:27:09 array (
  0 => '-k',
  1 => 
  array (
    0 => '-d',
    1 => '-m',
    2 => '-I',
    3 => '-k',
    4 => '-h',
    5 => '-q',
    6 => '-v',
    7 => '-vv',
    8 => '-vvv',
    9 => '-V',
    10 => '-n',
    11 => '-i',
    12 => '-N',
  ),
)2020-02-07 15:28:29 array (
  0 => '/Users/galzsolt/MySites/oh-my-fish-aliases/plugins-available/autocomplete.php',
  1 => 'Make',
)
2020-02-07 16:02:25 array (
  0 => 
  array (
    0 => 'day',
    1 => '-i',
  ),
)2020-02-07 16:07:25 array (
  0 => 
  array (
    0 => 'log',
    1 => 'HBERG-1',
    2 => '1h',
  ),
)2020-02-07 16:07:39 array (
  0 => 
  array (
    0 => 'log',
    1 => 'HBERG-1',
    2 => '1',
  ),
)2020-02-07 16:07:56 array (
  0 => 
  array (
    0 => 'log',
    1 => 'HBERG-1',
    2 => '1h 45m',
    3 => '-k-i',
  ),
)2020-02-07 16:07:56 array (
  0 => '-k-i',
  1 => 
  array (
    0 => '-d',
    1 => '-m',
    2 => '-I',
    3 => '-k',
    4 => '-h',
    5 => '-q',
    6 => '-v',
    7 => '-vv',
    8 => '-vvv',
    9 => '-V',
    10 => '-n',
    11 => '-i',
    12 => '-N',
  ),
)2020-02-07 16:07:58 array (
  0 => 
  array (
    0 => 'log',
    1 => 'HBERG-1',
    2 => '1h 45m',
    3 => '-k',
    4 => '-i',
  ),
)2020-02-07 16:07:58 array (
  0 => '-k',
  1 => 
  array (
    0 => '-d',
    1 => '-m',
    2 => '-I',
    3 => '-k',
    4 => '-h',
    5 => '-q',
    6 => '-v',
    7 => '-vv',
    8 => '-vvv',
    9 => '-V',
    10 => '-n',
    11 => '-i',
    12 => '-N',
  ),
)2020-02-07 16:07:59 array (
  0 => 
  array (
    0 => 'log',
    1 => 'HBERG-1',
    2 => '1h 45m',
    3 => '-k',
    4 => '-i',
  ),
)2020-02-07 16:07:59 array (
  0 => '-k',
  1 => 
  array (
    0 => '-d',
    1 => '-m',
    2 => '-I',
    3 => '-k',
    4 => '-h',
    5 => '-q',
    6 => '-v',
    7 => '-vv',
    8 => '-vvv',
    9 => '-V',
    10 => '-n',
    11 => '-i',
    12 => '-N',
  ),
)2020-02-07 16:08:20 array (
  0 => 
  array (
    0 => 'day',
    1 => '-i',
  ),
)2020-02-07 16:40:46 array (
  0 => 
  array (
    0 => 'day',
    1 => '-i',
  ),
)2020-02-07 16:40:47 array (
  0 => 
  array (
    0 => 'day',
    1 => '-i',
  ),
)2020-02-10 09:43:24 array (
  0 => 
  array (
    0 => 'log',
    1 => 'ora',
  ),
)2020-02-10 09:43:35 array (
  0 => 
  array (
    0 => 'log',
    1 => 'orange-sync',
    2 => '1',
  ),
)2020-02-10 10:48:53 array (
  0 => '/Users/galzsolt/MySites/oh-my-fish-aliases/plugins-available/autocomplete.php',
  1 => 'dele',
)
2020-02-10 12:47:28 array (
  0 => 
  array (
    0 => 'day',
    1 => '-i',
  ),
)2020-02-10 14:05:25 array (
  0 => 
  array (
    0 => 'log',
    1 => 'meet',
  ),
)2020-02-10 17:23:07 array (
  0 => '/Users/galzsolt/MySites/oh-my-fish-aliases/plugins-available/autocomplete.php',
  1 => 'pu',
)
2020-02-10 17:23:16 array (
  0 => '/Users/galzsolt/MySites/oh-my-fish-aliases/plugins-available/autocomplete.php',
  1 => 'public/erro',
)
2020-02-10 17:24:15 array (
  0 => '/Users/galzsolt/MySites/oh-my-fish-aliases/plugins-available/autocomplete.php',
  1 => 'pu',
)
2020-02-10 17:24:22 array (
  0 => '/Users/galzsolt/MySites/oh-my-fish-aliases/plugins-available/autocomplete.php',
  1 => 'public/ind',
)
2020-02-10 17:33:32 array (
  0 => '/Users/galzsolt/MySites/oh-my-fish-aliases/plugins-available/autocomplete.php',
  1 => 'pu',
)
2020-02-10 17:33:39 array (
  0 => '/Users/galzsolt/MySites/oh-my-fish-aliases/plugins-available/autocomplete.php',
  1 => 'public/app',
)
2020-02-10 17:33:47 array (
  0 => '/Users/galzsolt/MySites/oh-my-fish-aliases/plugins-available/autocomplete.php',
  1 => 'public/app/boo',
)
2020-02-10 17:46:03 array (
  0 => '/Users/galzsolt/MySites/oh-my-fish-aliases/plugins-available/autocomplete.php',
  1 => 'pu',
)
2020-02-10 17:46:07 array (
  0 => '/Users/galzsolt/MySites/oh-my-fish-aliases/plugins-available/autocomplete.php',
  1 => 'public/inde',
)
2020-02-10 17:56:20 array (
  0 => 
  array (
    0 => 'day',
    1 => '-i',
  ),
)2020-02-10 17:56:21 array (
  0 => 
  array (
    0 => 'day',
    1 => '-i',
  ),
)2020-02-10 18:00:18 array (
  0 => 
  array (
    0 => 'log',
    1 => '--delete',
    2 => '748062',
    3 => '-i',
  ),
)2020-02-10 18:00:18 array (
  0 => '--delete',
  1 => 
  array (
    0 => '--delete',
    1 => '--move',
    2 => '--interactive',
    3 => '--keep-default-comment',
    4 => '--help',
    5 => '--quiet',
    6 => '--verbose',
    7 => '--version',
    8 => '--ansi',
    9 => '--no-ansi',
    10 => '--no-interaction',
    11 => '--debug',
    12 => '--instance',
    13 => '--no-cache',
  ),
)2020-02-10 18:00:30 array (
  0 => 
  array (
    0 => 'day',
    1 => '-i',
  ),
)2020-02-10 18:21:16 array (
  0 => 
  array (
    0 => 'log',
    1 => '--delete',
    2 => '748380',
    3 => '-i',
  ),
)2020-02-10 18:21:16 array (
  0 => '--delete',
  1 => 
  array (
    0 => '--delete',
    1 => '--move',
    2 => '--interactive',
    3 => '--keep-default-comment',
    4 => '--help',
    5 => '--quiet',
    6 => '--verbose',
    7 => '--version',
    8 => '--ansi',
    9 => '--no-ansi',
    10 => '--no-interaction',
    11 => '--debug',
    12 => '--instance',
    13 => '--no-cache',
  ),
)2020-02-11 09:34:14 array (
  0 => 
  array (
    0 => 'sear',
  ),
)2020-02-11 09:34:17 array (
  0 => 
  array (
    0 => 'search:to',
  ),
)2020-02-11 09:34:19 array (
  0 => 
  array (
    0 => 'search:to-p',
  ),
)2020-02-11 10:39:00 array (
  0 => '/Users/galzsolt/MySites/oh-my-fish-aliases/plugins-available/autocomplete.php',
  1 => 'cher',
)
2020-02-11 12:23:15 array (
  0 => 
  array (
    0 => 'day',
    1 => '-i',
  ),
)2020-02-11 12:23:32 array (
  0 => 
  array (
    0 => 'log',
    1 => 'ora',
  ),
)2020-02-11 12:24:22 array (
  0 => '/Users/galzsolt/MySites/oh-my-fish-aliases/plugins-available/autocomplete.php',
  1 => 'ele',
)
2020-02-11 12:24:23 array (
  0 => '/Users/galzsolt/MySites/oh-my-fish-aliases/plugins-available/autocomplete.php',
  1 => 'delete-bra',
)
2020-02-11 12:24:25 array (
  0 => '/Users/galzsolt/MySites/oh-my-fish-aliases/plugins-available/autocomplete.php',
  1 => 'ren',
)
2020-02-11 17:50:07 array (
  0 => 
  array (
    0 => 'day',
    1 => '-i',
  ),
)2020-02-12 08:10:18 array (
  0 => 
  array (
    0 => 'sear',
  ),
)2020-02-12 08:10:20 array (
  0 => 
  array (
    0 => 'search:to',
  ),
)2020-02-12 08:10:22 array (
  0 => 
  array (
    0 => 'search:to-p',
  ),
)2020-02-12 08:17:36 array (
  0 => 
  array (
    0 => 'se',
  ),
)2020-02-12 08:54:35 array (
  0 => '/Users/galzsolt/MySites/oh-my-fish-aliases/plugins-available/autocomplete.php',
  1 => 'dele',
)
2020-02-12 16:08:34 array (
  0 => 
  array (
    0 => 'log',
    1 => 'ora',
  ),
)2020-02-13 14:54:16 array (
  0 => 
  array (
    0 => 'day',
    1 => 'yes',
  ),
)2020-02-13 15:02:13 array (
  0 => '/Users/galzsolt/MySites/oh-my-fish-aliases/plugins-available/autocomplete.php',
  1 => 'dele',
)
2020-02-13 15:37:05 array (
  0 => '/Users/galzsolt/MySites/oh-my-fish-aliases/plugins-available/autocomplete.php',
  1 => 'dele',
)
2020-02-13 15:58:49 array (
  0 => 
  array (
    0 => 'log',
    1 => 'supp',
  ),
)2020-02-14 10:08:30 array (
  0 => '/Users/galzsolt/MySites/oh-my-fish-aliases/plugins-available/autocomplete.php',
  1 => 'dele',
)
2020-02-14 10:09:05 array (
  0 => 
  array (
    0 => 'sear',
  ),
)2020-02-14 10:48:06 array (
  0 => '/Users/galzsolt/MySites/oh-my-fish-aliases/plugins-available/autocomplete.php',
)
2020-02-14 10:48:07 array (
  0 => '/Users/galzsolt/MySites/oh-my-fish-aliases/plugins-available/autocomplete.php',
  1 => '-',
)
2020-02-14 10:48:07 array (
  0 => '/Users/galzsolt/MySites/oh-my-fish-aliases/plugins-available/autocomplete.php',
)
2020-02-14 12:13:38 array (
  0 => 
  array (
    0 => 'show',
    1 => 'NUTRI-694',
    2 => '--',
  ),
)2020-02-14 12:13:45 array (
  0 => '--',
  1 => 
  array (
    0 => '--minimal',
    1 => '--short',
    2 => '--full',
    3 => '--nano',
    4 => '--time',
    5 => '--updates',
    6 => '--changelogs',
    7 => '--release',
    8 => '--points',
    9 => '--estimates',
    10 => '--spent',
    11 => '--board',
    12 => '--help',
    13 => '--quiet',
    14 => '--verbose',
    15 => '--version',
    16 => '--ansi',
    17 => '--no-ansi',
    18 => '--no-interaction',
    19 => '--debug',
    20 => '--instance',
    21 => '--no-cache',
  ),
)2020-02-14 13:47:33 array (
  0 => '/Users/galzsolt/MySites/oh-my-fish-aliases/plugins-available/autocomplete.php',
  1 => 'pu',
)
2020-02-14 13:47:34 array (
  0 => '/Users/galzsolt/MySites/oh-my-fish-aliases/plugins-available/autocomplete.php',
  1 => 'app',
)
2020-02-14 13:47:40 array (
  0 => '/Users/galzsolt/MySites/oh-my-fish-aliases/plugins-available/autocomplete.php',
  1 => 'public/app/des',
)
2020-02-14 13:47:44 array (
  0 => '/Users/galzsolt/MySites/oh-my-fish-aliases/plugins-available/autocomplete.php',
  1 => 'public/app/',
)
2020-02-14 13:47:52 array (
  0 => '/Users/galzsolt/MySites/oh-my-fish-aliases/plugins-available/autocomplete.php',
  1 => 'public/app/desi',
)
2020-02-14 13:47:54 array (
  0 => '/Users/galzsolt/MySites/oh-my-fish-aliases/plugins-available/autocomplete.php',
  1 => 'public/app/design/fron',
)
2020-02-14 13:48:08 array (
  0 => '/Users/galzsolt/MySites/oh-my-fish-aliases/plugins-available/autocomplete.php',
  1 => 'public/app/design/frontend/heidelberg/default/locale/es_MX/transl',
)
2020-02-14 14:28:27 array (
  0 => '/Users/galzsolt/MySites/oh-my-fish-aliases/plugins-available/autocomplete.php',
  1 => '--stat',
)
2020-02-14 14:40:28 array (
  0 => '/Users/galzsolt/MySites/oh-my-fish-aliases/plugins-available/autocomplete.php',
  1 => 'delete-',
)
2020-02-14 15:14:04 array (
  0 => '/Users/galzsolt/MySites/oh-my-fish-aliases/plugins-available/autocomplete.php',
  1 => 'dele',
)
2020-02-18 10:49:07 array (
  0 => '/Users/galzsolt/MySites/oh-my-fish-aliases/plugins-available/autocomplete.php',
  1 => 'dele',
)
2020-02-18 11:29:36 array (
  0 => 
  array (
    0 => 'log',
    1 => 'suppo',
  ),
)